livetv-app/android/app/build/intermediates/manifest_merge_blame_file/debug/processDebugMainManifest/manifest-merger-blame-debug-report.txt
1<?xml version="1.0" encoding="utf-8"?>
2<manifest xmlns:android="http://schemas.android.com/apk/res/android"
3    package="com.example.livetv"
4    android:versionCode="2"
5    android:versionName="1.1" >
6
7    <uses-sdk
8        android:minSdkVersion="24"
9        android:targetSdkVersion="35" />
10    <!-- 패키지 쿼리 허용 선언 (Android 11+ 앱 실행 감지 대응) -->
11    <queries>
11-->src\main\AndroidManifest.xml:4:5-13:15
12
13        <!-- 넷플릭스 앱 실행용 선언 -->
14        <package android:name="com.netflix.mediaclient" />
14-->src\main\AndroidManifest.xml:6:9-59
14-->src\main\AndroidManifest.xml:6:18-56
15        <!-- 인텐트 스키마 매핑용 선언 -->
16        <intent>
16-->src\main\AndroidManifest.xml:8:9-12:18
17            <action android:name="android.intent.action.VIEW" />
17-->src\main\AndroidManifest.xml:9:13-65
17-->src\main\AndroidManifest.xml:9:21-62
18
19            <category android:name="android.intent.category.BROWSABLE" />
19-->src\main\AndroidManifest.xml:10:13-74
19-->src\main\AndroidManifest.xml:10:23-71
20
21            <data android:scheme="nflx" />
21-->src\main\AndroidManifest.xml:11:13-43
21-->src\main\AndroidManifest.xml:11:19-40
22        </intent>
23    </queries>
24
25    <!-- TV / 빔프로젝터에서 터치스크린 없이도 실행 가능하도록 선언 -->
26    <uses-feature
26-->src\main\AndroidManifest.xml:16:5-90
27        android:name="android.hardware.touchscreen"
27-->src\main\AndroidManifest.xml:16:19-62
28        android:required="false" />
28-->src\main\AndroidManifest.xml:16:63-87
29    <uses-feature
29-->src\main\AndroidManifest.xml:17:5-83
30        android:name="android.hardware.wifi"
30-->src\main\AndroidManifest.xml:17:19-55
31        android:required="false" />
31-->src\main\AndroidManifest.xml:17:56-80
32    <!-- TV 지원 선언 -->
33    <uses-feature
33-->src\main\AndroidManifest.xml:19:5-87
34        android:name="android.software.leanback"
34-->src\main\AndroidManifest.xml:19:19-59
35        android:required="false" />
35-->src\main\AndroidManifest.xml:19:60-84
36
37    <!-- Permissions -->
38    <uses-permission android:name="android.permission.INTERNET" />
38-->src\main\AndroidManifest.xml:68:5-67
38-->src\main\AndroidManifest.xml:68:22-64
39    <uses-permission android:name="android.permission.ACCESS_NETWORK_STATE" />
39-->src\main\AndroidManifest.xml:69:5-79
39-->src\main\AndroidManifest.xml:69:22-76
40    <uses-permission android:name="android.permission.ACCESS_WIFI_STATE" />
40-->src\main\AndroidManifest.xml:70:5-76
40-->src\main\AndroidManifest.xml:70:22-73
41    <uses-permission android:name="android.permission.FOREGROUND_SERVICE" />
41-->src\main\AndroidManifest.xml:71:5-77
41-->src\main\AndroidManifest.xml:71:22-74
42    <uses-permission android:name="android.permission.FOREGROUND_SERVICE_MEDIA_PLAYBACK" />
42-->src\main\AndroidManifest.xml:72:5-92
42-->src\main\AndroidManifest.xml:72:22-89
43    <uses-permission android:name="android.permission.POST_NOTIFICATIONS" />
43-->src\main\AndroidManifest.xml:73:5-77
43-->src\main\AndroidManifest.xml:73:22-74
44    <uses-permission android:name="android.permission.WAKE_LOCK" />
44-->src\main\AndroidManifest.xml:74:5-68
44-->src\main\AndroidManifest.xml:74:22-65
45
46    <permission
46-->[androidx.core:core:1.13.1] AndroidManifest.xml:22:5-24:47
47        android:name="com.example.livetv.DYNAMIC_RECEIVER_NOT_EXPORTED_PERMISSION"
47-->[androidx.core:core:1.13.1] AndroidManifest.xml:23:9-81
48        android:protectionLevel="signature" />
48-->[androidx.core:core:1.13.1] AndroidManifest.xml:24:9-44
49
50    <uses-permission android:name="com.example.livetv.DYNAMIC_RECEIVER_NOT_EXPORTED_PERMISSION" />
50-->[androidx.core:core:1.13.1] AndroidManifest.xml:26:5-97
50-->[androidx.core:core:1.13.1] AndroidManifest.xml:26:22-94
51
52    <application
52-->src\main\AndroidManifest.xml:21:5-65:19
53        android:allowBackup="true"
53-->src\main\AndroidManifest.xml:22:9-35
54        android:appComponentFactory="androidx.core.app.CoreComponentFactory"
54-->[androidx.core:core:1.13.1] AndroidManifest.xml:28:18-86
55        android:debuggable="true"
56        android:extractNativeLibs="false"
57        android:hardwareAccelerated="true"
57-->src\main\AndroidManifest.xml:23:9-43
58        android:icon="@mipmap/ic_launcher"
58-->src\main\AndroidManifest.xml:24:9-43
59        android:label="@string/app_name"
59-->src\main\AndroidManifest.xml:25:9-41
60        android:roundIcon="@mipmap/ic_launcher_round"
60-->src\main\AndroidManifest.xml:26:9-54
61        android:supportsRtl="true"
61-->src\main\AndroidManifest.xml:27:9-35
62        android:theme="@style/AppTheme"
62-->src\main\AndroidManifest.xml:28:9-40
63        android:usesCleartextTraffic="true" >
63-->src\main\AndroidManifest.xml:29:9-44
64        <activity
64-->src\main\AndroidManifest.xml:30:9-51:20
65            android:name="com.example.livetv.MainActivity"
65-->src\main\AndroidManifest.xml:32:13-41
66            android:configChanges="orientation|keyboardHidden|keyboard|screenSize|locale|smallestScreenSize|screenLayout|uiMode|navigation|density"
66-->src\main\AndroidManifest.xml:31:13-148
67            android:exported="true"
67-->src\main\AndroidManifest.xml:39:13-36
68            android:hardwareAccelerated="true"
68-->src\main\AndroidManifest.xml:37:13-47
69            android:label="@string/title_activity_main"
69-->src\main\AndroidManifest.xml:33:13-56
70            android:launchMode="singleTask"
70-->src\main\AndroidManifest.xml:35:13-44
71            android:screenOrientation="sensor"
71-->src\main\AndroidManifest.xml:36:13-47
72            android:supportsPictureInPicture="true"
72-->src\main\AndroidManifest.xml:38:13-52
73            android:theme="@style/AppTheme.NoActionBarLaunch" >
73-->src\main\AndroidManifest.xml:34:13-62
74
75            <!-- 일반 앱 런처 -->
76            <intent-filter>
76-->src\main\AndroidManifest.xml:41:13-44:29
77                <action android:name="android.intent.action.MAIN" />
77-->src\main\AndroidManifest.xml:42:17-69
77-->src\main\AndroidManifest.xml:42:25-66
78
79                <category android:name="android.intent.category.LAUNCHER" />
79-->src\main\AndroidManifest.xml:43:17-77
79-->src\main\AndroidManifest.xml:43:27-74
80            </intent-filter>
81
82            <!-- TV / 빔프로젝터 LEANBACK 런처 (스마트TV 앱 목록에 표시) -->
83            <intent-filter>
83-->src\main\AndroidManifest.xml:47:13-50:29
84                <action android:name="android.intent.action.MAIN" />
84-->src\main\AndroidManifest.xml:42:17-69
84-->src\main\AndroidManifest.xml:42:25-66
85
86                <category android:name="android.intent.category.LEANBACK_LAUNCHER" />
86-->src\main\AndroidManifest.xml:49:17-86
86-->src\main\AndroidManifest.xml:49:27-83
87            </intent-filter>
88        </activity>
89
90        <provider
91            android:name="androidx.core.content.FileProvider"
91-->src\main\AndroidManifest.xml:54:13-62
92            android:authorities="com.example.livetv.fileprovider"
92-->src\main\AndroidManifest.xml:55:13-64
93            android:exported="false"
93-->src\main\AndroidManifest.xml:56:13-37
94            android:grantUriPermissions="true" >
94-->src\main\AndroidManifest.xml:57:13-47
95            <meta-data
95-->src\main\AndroidManifest.xml:58:13-112
96                android:name="android.support.FILE_PROVIDER_PATHS"
96-->src\main\AndroidManifest.xml:58:24-74
97                android:resource="@xml/file_paths" />
97-->src\main\AndroidManifest.xml:58:75-109
98        </provider>
99
100        <service
100-->src\main\AndroidManifest.xml:60:9-64:11
101            android:name="com.example.livetv.BackgroundAudioService"
101-->src\main\AndroidManifest.xml:61:13-51
102            android:exported="false"
102-->src\main\AndroidManifest.xml:62:13-37
103            android:foregroundServiceType="mediaPlayback" />
103-->src\main\AndroidManifest.xml:63:13-58
104
105        <provider
105-->[androidx.emoji2:emoji2:1.3.0] AndroidManifest.xml:24:9-32:20
106            android:name="androidx.startup.InitializationProvider"
106-->[androidx.emoji2:emoji2:1.3.0] AndroidManifest.xml:25:13-67
107            android:authorities="com.example.livetv.androidx-startup"
107-->[androidx.emoji2:emoji2:1.3.0] AndroidManifest.xml:26:13-68
108            android:exported="false" >
108-->[androidx.emoji2:emoji2:1.3.0] AndroidManifest.xml:27:13-37
109            <meta-data
109-->[androidx.emoji2:emoji2:1.3.0] AndroidManifest.xml:29:13-31:52
110                android:name="androidx.emoji2.text.EmojiCompatInitializer"
110-->[androidx.emoji2:emoji2:1.3.0] AndroidManifest.xml:30:17-75
111                android:value="androidx.startup" />
111-->[androidx.emoji2:emoji2:1.3.0] AndroidManifest.xml:31:17-49
112            <meta-data
112-->[androidx.lifecycle:lifecycle-process:2.6.2] AndroidManifest.xml:29:13-31:52
113                android:name="androidx.lifecycle.ProcessLifecycleInitializer"
113-->[androidx.lifecycle:lifecycle-process:2.6.2] AndroidManifest.xml:30:17-78
114                android:value="androidx.startup" />
114-->[androidx.lifecycle:lifecycle-process:2.6.2] AndroidManifest.xml:31:17-49
115            <meta-data
115-->[androidx.profileinstaller:profileinstaller:1.3.1] AndroidManifest.xml:29:13-31:52
116                android:name="androidx.profileinstaller.ProfileInstallerInitializer"
116-->[androidx.profileinstaller:profileinstaller:1.3.1] AndroidManifest.xml:30:17-85
117                android:value="androidx.startup" />
117-->[androidx.profileinstaller:profileinstaller:1.3.1] AndroidManifest.xml:31:17-49
118        </provider>
119
120        <receiver
120-->[androidx.profileinstaller:profileinstaller:1.3.1] AndroidManifest.xml:34:9-52:20
121            android:name="androidx.profileinstaller.ProfileInstallReceiver"
121-->[androidx.profileinstaller:profileinstaller:1.3.1] AndroidManifest.xml:35:13-76
122            android:directBootAware="false"
122-->[androidx.profileinstaller:profileinstaller:1.3.1] AndroidManifest.xml:36:13-44
123            android:enabled="true"
123-->[androidx.profileinstaller:profileinstaller:1.3.1] AndroidManifest.xml:37:13-35
124            android:exported="true"
124-->[androidx.profileinstaller:profileinstaller:1.3.1] AndroidManifest.xml:38:13-36
125            android:permission="android.permission.DUMP" >
125-->[androidx.profileinstaller:profileinstaller:1.3.1] AndroidManifest.xml:39:13-57
126            <intent-filter>
126-->[androidx.profileinstaller:profileinstaller:1.3.1] AndroidManifest.xml:40:13-42:29
127                <action android:name="androidx.profileinstaller.action.INSTALL_PROFILE" />
127-->[androidx.profileinstaller:profileinstaller:1.3.1] AndroidManifest.xml:41:17-91
127-->[androidx.profileinstaller:profileinstaller:1.3.1] AndroidManifest.xml:41:25-88
128            </intent-filter>
129            <intent-filter>
129-->[androidx.profileinstaller:profileinstaller:1.3.1] AndroidManifest.xml:43:13-45:29
130                <action android:name="androidx.profileinstaller.action.SKIP_FILE" />
130-->[androidx.profileinstaller:profileinstaller:1.3.1] AndroidManifest.xml:44:17-85
130-->[androidx.profileinstaller:profileinstaller:1.3.1] AndroidManifest.xml:44:25-82
131            </intent-filter>
132            <intent-filter>
132-->[androidx.profileinstaller:profileinstaller:1.3.1] AndroidManifest.xml:46:13-48:29
133                <action android:name="androidx.profileinstaller.action.SAVE_PROFILE" />
133-->[androidx.profileinstaller:profileinstaller:1.3.1] AndroidManifest.xml:47:17-88
133-->[androidx.profileinstaller:profileinstaller:1.3.1] AndroidManifest.xml:47:25-85
134            </intent-filter>
135            <intent-filter>
135-->[androidx.profileinstaller:profileinstaller:1.3.1] AndroidManifest.xml:49:13-51:29
136                <action android:name="androidx.profileinstaller.action.BENCHMARK_OPERATION" />
136-->[androidx.profileinstaller:profileinstaller:1.3.1] AndroidManifest.xml:50:17-95
136-->[androidx.profileinstaller:profileinstaller:1.3.1] AndroidManifest.xml:50:25-92
137            </intent-filter>
138        </receiver>
139    </application>
140
141</manifest>